<?xml version="1.0" encoding="UTF-8"?>
<testsuite xmlns:xsi="http://www.w3.org/2001/XMLSchema-instance" xsi:noNamespaceSchemaLocation="https://maven.apache.org/surefire/maven-surefire-plugin/xsd/surefire-test-report.xsd" name="com.mavendemo.app.AppTest" time="0.062" tests="1" errors="0" skipped="0" failures="0">
  <properties>
    <property name="sun.desktop" value="windows"/>
    <property name="awt.toolkit" value="sun.awt.windows.WToolkit"/>
    <property name="file.encoding.pkg" value="sun.io"/>
    <property name="java.specification.version" value="1.8"/>
    <property name="sun.cpu.isalist" value="amd64"/>
    <property name="sun.jnu.encoding" value="Cp1252"/>
    <property name="java.class.path" value="C:\MavenDemo\maven-demo\target\test-classes;C:\MavenDemo\maven-demo\target\classes;C:\Users\jonathan.fortunati\.m2\repository\junit\junit\4.11\junit-4.11.jar;C:\Users\jonathan.fortunati\.m2\repository\org\hamcrest\hamcrest-core\1.3\hamcrest-core-1.3.jar;C:\Users\jonathan.fortunati\.m2\repository\io\swagger\swaggerhub-maven-plugin\1.0.7\swaggerhub-maven-plugin-1.0.7.jar;C:\Users\jonathan.fortunati\.m2\repository\com\squareup\okhttp\okhttp\2.7.5\okhttp-2.7.5.jar;C:\Users\jonathan.fortunati\.m2\repository\com\squareup\okio\okio\1.6.0\okio-1.6.0.jar;C:\Users\jonathan.fortunati\.m2\repository\org\apache\maven\plugin-tools\maven-plugin-annotations\3.5.1\maven-plugin-annotations-3.5.1.jar;C:\Users\jonathan.fortunati\.m2\repository\org\apache\maven\maven-artifact\3.0\maven-artifact-3.0.jar;C:\Users\jonathan.fortunati\.m2\repository\org\apache\maven\maven-plugin-api\3.3.9\maven-plugin-api-3.3.9.jar;C:\Users\jonathan.fortunati\.m2\repository\org\apache\maven\maven-model\3.3.9\maven-model-3.3.9.jar;C:\Users\jonathan.fortunati\.m2\repository\org\eclipse\sisu\org.eclipse.sisu.plexus\0.3.2\org.eclipse.sisu.plexus-0.3.2.jar;C:\Users\jonathan.fortunati\.m2\repository\javax\enterprise\cdi-api\1.0\cdi-api-1.0.jar;C:\Users\jonathan.fortunati\.m2\repository\javax\annotation\jsr250-api\1.0\jsr250-api-1.0.jar;C:\Users\jonathan.fortunati\.m2\repository\javax\inject\javax.inject\1\javax.inject-1.jar;C:\Users\jonathan.fortunati\.m2\repository\org\eclipse\sisu\org.eclipse.sisu.inject\0.3.2\org.eclipse.sisu.inject-0.3.2.jar;C:\Users\jonathan.fortunati\.m2\repository\org\codehaus\plexus\plexus-classworlds\2.5.2\plexus-classworlds-2.5.2.jar;C:\Users\jonathan.fortunati\.m2\repository\org\apache\commons\commons-lang3\3.7\commons-lang3-3.7.jar;C:\Users\jonathan.fortunati\.m2\repository\org\apache\maven\maven-compat\3.3.9\maven-compat-3.3.9.jar;C:\Users\jonathan.fortunati\.m2\repository\org\apache\maven\maven-model-builder\3.3.9\maven-model-builder-3.3.9.jar;C:\Users\jonathan.fortunati\.m2\repository\org\apache\maven\maven-builder-support\3.3.9\maven-builder-support-3.3.9.jar;C:\Users\jonathan.fortunati\.m2\repository\com\google\guava\guava\18.0\guava-18.0.jar;C:\Users\jonathan.fortunati\.m2\repository\org\apache\maven\maven-settings\3.3.9\maven-settings-3.3.9.jar;C:\Users\jonathan.fortunati\.m2\repository\org\apache\maven\maven-core\3.3.9\maven-core-3.3.9.jar;C:\Users\jonathan.fortunati\.m2\repository\org\apache\maven\maven-settings-builder\3.3.9\maven-settings-builder-3.3.9.jar;C:\Users\jonathan.fortunati\.m2\repository\org\apache\maven\maven-repository-metadata\3.3.9\maven-repository-metadata-3.3.9.jar;C:\Users\jonathan.fortunati\.m2\repository\org\apache\maven\maven-aether-provider\3.3.9\maven-aether-provider-3.3.9.jar;C:\Users\jonathan.fortunati\.m2\repository\org\eclipse\aether\aether-spi\1.0.2.v20150114\aether-spi-1.0.2.v20150114.jar;C:\Users\jonathan.fortunati\.m2\repository\org\eclipse\aether\aether-impl\1.0.2.v20150114\aether-impl-1.0.2.v20150114.jar;C:\Users\jonathan.fortunati\.m2\repository\org\eclipse\aether\aether-api\1.0.2.v20150114\aether-api-1.0.2.v20150114.jar;C:\Users\jonathan.fortunati\.m2\repository\org\eclipse\aether\aether-util\1.0.2.v20150114\aether-util-1.0.2.v20150114.jar;C:\Users\jonathan.fortunati\.m2\repository\com\google\inject\guice\4.0\guice-4.0-no_aop.jar;C:\Users\jonathan.fortunati\.m2\repository\aopalliance\aopalliance\1.0\aopalliance-1.0.jar;C:\Users\jonathan.fortunati\.m2\repository\org\sonatype\plexus\plexus-sec-dispatcher\1.3\plexus-sec-dispatcher-1.3.jar;C:\Users\jonathan.fortunati\.m2\repository\org\sonatype\plexus\plexus-cipher\1.4\plexus-cipher-1.4.jar;C:\Users\jonathan.fortunati\.m2\repository\org\codehaus\plexus\plexus-utils\3.0.22\plexus-utils-3.0.22.jar;C:\Users\jonathan.fortunati\.m2\repository\org\codehaus\plexus\plexus-interpolation\1.21\plexus-interpolation-1.21.jar;C:\Users\jonathan.fortunati\.m2\repository\org\codehaus\plexus\plexus-component-annotations\1.6\plexus-component-annotations-1.6.jar;C:\Users\jonathan.fortunati\.m2\repository\org\apache\maven\wagon\wagon-provider-api\2.10\wagon-provider-api-2.10.jar;C:\Users\jonathan.fortunati\.m2\repository\io\swagger\swagger-parser\1.0.41\swagger-parser-1.0.41.jar;C:\Users\jonathan.fortunati\.m2\repository\io\swagger\swagger-core\1.5.21\swagger-core-1.5.21.jar;C:\Users\jonathan.fortunati\.m2\repository\com\fasterxml\jackson\core\jackson-annotations\2.9.5\jackson-annotations-2.9.5.jar;C:\Users\jonathan.fortunati\.m2\repository\com\fasterxml\jackson\core\jackson-databind\2.9.5\jackson-databind-2.9.5.jar;C:\Users\jonathan.fortunati\.m2\repository\com\fasterxml\jackson\core\jackson-core\2.9.5\jackson-core-2.9.5.jar;C:\Users\jonathan.fortunati\.m2\repository\com\fasterxml\jackson\dataformat\jackson-dataformat-yaml\2.9.5\jackson-dataformat-yaml-2.9.5.jar;C:\Users\jonathan.fortunati\.m2\repository\org\yaml\snakeyaml\1.18\snakeyaml-1.18.jar;C:\Users\jonathan.fortunati\.m2\repository\io\swagger\swagger-models\1.5.21\swagger-models-1.5.21.jar;C:\Users\jonathan.fortunati\.m2\repository\io\swagger\swagger-annotations\1.5.21\swagger-annotations-1.5.21.jar;C:\Users\jonathan.fortunati\.m2\repository\javax\validation\validation-api\1.1.0.Final\validation-api-1.1.0.Final.jar;C:\Users\jonathan.fortunati\.m2\repository\org\slf4j\slf4j-ext\1.6.3\slf4j-ext-1.6.3.jar;C:\Users\jonathan.fortunati\.m2\repository\ch\qos\cal10n\cal10n-api\0.7.4\cal10n-api-0.7.4.jar;C:\Users\jonathan.fortunati\.m2\repository\org\slf4j\slf4j-api\1.6.3\slf4j-api-1.6.3.jar;C:\Users\jonathan.fortunati\.m2\repository\commons-io\commons-io\2.4\commons-io-2.4.jar;"/>
    <property name="java.vm.vendor" value="Oracle Corporation"/>
    <property name="sun.arch.data.model" value="64"/>
    <property name="user.variant" value=""/>
    <property name="java.vendor.url" value="http://java.oracle.com/"/>
    <property name="user.timezone" value="America/New_York"/>
    <property name="java.vm.specification.version" value="1.8"/>
    <property name="os.name" value="Windows 10"/>
    <property name="user.country" value="US"/>
    <property name="sun.java.launcher" value="SUN_STANDARD"/>
    <property name="sun.boot.library.path" value="C:\Program Files\Java\jdk1.8.0_201\jre\bin"/>
    <property name="sun.java.command" value="C:\Users\JONATH~1.FOR\AppData\Local\Temp\surefire8026338373759045736\surefirebooter7474344484174605205.jar C:\Users\jonathan.fortunati\AppData\Local\Temp\surefire8026338373759045736 2019-10-18T13-30-53_502-jvmRun1 surefire2098750634921669807tmp surefire_027119434005578208tmp"/>
    <property name="surefire.test.class.path" value="C:\MavenDemo\maven-demo\target\test-classes;C:\MavenDemo\maven-demo\target\classes;C:\Users\jonathan.fortunati\.m2\repository\junit\junit\4.11\junit-4.11.jar;C:\Users\jonathan.fortunati\.m2\repository\org\hamcrest\hamcrest-core\1.3\hamcrest-core-1.3.jar;C:\Users\jonathan.fortunati\.m2\repository\io\swagger\swaggerhub-maven-plugin\1.0.7\swaggerhub-maven-plugin-1.0.7.jar;C:\Users\jonathan.fortunati\.m2\repository\com\squareup\okhttp\okhttp\2.7.5\okhttp-2.7.5.jar;C:\Users\jonathan.fortunati\.m2\repository\com\squareup\okio\okio\1.6.0\okio-1.6.0.jar;C:\Users\jonathan.fortunati\.m2\repository\org\apache\maven\plugin-tools\maven-plugin-annotations\3.5.1\maven-plugin-annotations-3.5.1.jar;C:\Users\jonathan.fortunati\.m2\repository\org\apache\maven\maven-artifact\3.0\maven-artifact-3.0.jar;C:\Users\jonathan.fortunati\.m2\repository\org\apache\maven\maven-plugin-api\3.3.9\maven-plugin-api-3.3.9.jar;C:\Users\jonathan.fortunati\.m2\repository\org\apache\maven\maven-model\3.3.9\maven-model-3.3.9.jar;C:\Users\jonathan.fortunati\.m2\repository\org\eclipse\sisu\org.eclipse.sisu.plexus\0.3.2\org.eclipse.sisu.plexus-0.3.2.jar;C:\Users\jonathan.fortunati\.m2\repository\javax\enterprise\cdi-api\1.0\cdi-api-1.0.jar;C:\Users\jonathan.fortunati\.m2\repository\javax\annotation\jsr250-api\1.0\jsr250-api-1.0.jar;C:\Users\jonathan.fortunati\.m2\repository\javax\inject\javax.inject\1\javax.inject-1.jar;C:\Users\jonathan.fortunati\.m2\repository\org\eclipse\sisu\org.eclipse.sisu.inject\0.3.2\org.eclipse.sisu.inject-0.3.2.jar;C:\Users\jonathan.fortunati\.m2\repository\org\codehaus\plexus\plexus-classworlds\2.5.2\plexus-classworlds-2.5.2.jar;C:\Users\jonathan.fortunati\.m2\repository\org\apache\commons\commons-lang3\3.7\commons-lang3-3.7.jar;C:\Users\jonathan.fortunati\.m2\repository\org\apache\maven\maven-compat\3.3.9\maven-compat-3.3.9.jar;C:\Users\jonathan.fortunati\.m2\repository\org\apache\maven\maven-model-builder\3.3.9\maven-model-builder-3.3.9.jar;C:\Users\jonathan.fortunati\.m2\repository\org\apache\maven\maven-builder-support\3.3.9\maven-builder-support-3.3.9.jar;C:\Users\jonathan.fortunati\.m2\repository\com\google\guava\guava\18.0\guava-18.0.jar;C:\Users\jonathan.fortunati\.m2\repository\org\apache\maven\maven-settings\3.3.9\maven-settings-3.3.9.jar;C:\Users\jonathan.fortunati\.m2\repository\org\apache\maven\maven-core\3.3.9\maven-core-3.3.9.jar;C:\Users\jonathan.fortunati\.m2\repository\org\apache\maven\maven-settings-builder\3.3.9\maven-settings-builder-3.3.9.jar;C:\Users\jonathan.fortunati\.m2\repository\org\apache\maven\maven-repository-metadata\3.3.9\maven-repository-metadata-3.3.9.jar;C:\Users\jonathan.fortunati\.m2\repository\org\apache\maven\maven-aether-provider\3.3.9\maven-aether-provider-3.3.9.jar;C:\Users\jonathan.fortunati\.m2\repository\org\eclipse\aether\aether-spi\1.0.2.v20150114\aether-spi-1.0.2.v20150114.jar;C:\Users\jonathan.fortunati\.m2\repository\org\eclipse\aether\aether-impl\1.0.2.v20150114\aether-impl-1.0.2.v20150114.jar;C:\Users\jonathan.fortunati\.m2\repository\org\eclipse\aether\aether-api\1.0.2.v20150114\aether-api-1.0.2.v20150114.jar;C:\Users\jonathan.fortunati\.m2\repository\org\eclipse\aether\aether-util\1.0.2.v20150114\aether-util-1.0.2.v20150114.jar;C:\Users\jonathan.fortunati\.m2\repository\com\google\inject\guice\4.0\guice-4.0-no_aop.jar;C:\Users\jonathan.fortunati\.m2\repository\aopalliance\aopalliance\1.0\aopalliance-1.0.jar;C:\Users\jonathan.fortunati\.m2\repository\org\sonatype\plexus\plexus-sec-dispatcher\1.3\plexus-sec-dispatcher-1.3.jar;C:\Users\jonathan.fortunati\.m2\repository\org\sonatype\plexus\plexus-cipher\1.4\plexus-cipher-1.4.jar;C:\Users\jonathan.fortunati\.m2\repository\org\codehaus\plexus\plexus-utils\3.0.22\plexus-utils-3.0.22.jar;C:\Users\jonathan.fortunati\.m2\repository\org\codehaus\plexus\plexus-interpolation\1.21\plexus-interpolation-1.21.jar;C:\Users\jonathan.fortunati\.m2\repository\org\codehaus\plexus\plexus-component-annotations\1.6\plexus-component-annotations-1.6.jar;C:\Users\jonathan.fortunati\.m2\repository\org\apache\maven\wagon\wagon-provider-api\2.10\wagon-provider-api-2.10.jar;C:\Users\jonathan.fortunati\.m2\repository\io\swagger\swagger-parser\1.0.41\swagger-parser-1.0.41.jar;C:\Users\jonathan.fortunati\.m2\repository\io\swagger\swagger-core\1.5.21\swagger-core-1.5.21.jar;C:\Users\jonathan.fortunati\.m2\repository\com\fasterxml\jackson\core\jackson-annotations\2.9.5\jackson-annotations-2.9.5.jar;C:\Users\jonathan.fortunati\.m2\repository\com\fasterxml\jackson\core\jackson-databind\2.9.5\jackson-databind-2.9.5.jar;C:\Users\jonathan.fortunati\.m2\repository\com\fasterxml\jackson\core\jackson-core\2.9.5\jackson-core-2.9.5.jar;C:\Users\jonathan.fortunati\.m2\repository\com\fasterxml\jackson\dataformat\jackson-dataformat-yaml\2.9.5\jackson-dataformat-yaml-2.9.5.jar;C:\Users\jonathan.fortunati\.m2\repository\org\yaml\snakeyaml\1.18\snakeyaml-1.18.jar;C:\Users\jonathan.fortunati\.m2\repository\io\swagger\swagger-models\1.5.21\swagger-models-1.5.21.jar;C:\Users\jonathan.fortunati\.m2\repository\io\swagger\swagger-annotations\1.5.21\swagger-annotations-1.5.21.jar;C:\Users\jonathan.fortunati\.m2\repository\javax\validation\validation-api\1.1.0.Final\validation-api-1.1.0.Final.jar;C:\Users\jonathan.fortunati\.m2\repository\org\slf4j\slf4j-ext\1.6.3\slf4j-ext-1.6.3.jar;C:\Users\jonathan.fortunati\.m2\repository\ch\qos\cal10n\cal10n-api\0.7.4\cal10n-api-0.7.4.jar;C:\Users\jonathan.fortunati\.m2\repository\org\slf4j\slf4j-api\1.6.3\slf4j-api-1.6.3.jar;C:\Users\jonathan.fortunati\.m2\repository\commons-io\commons-io\2.4\commons-io-2.4.jar;"/>
    <property name="sun.cpu.endian" value="little"/>
    <property name="user.home" value="C:\Users\jonathan.fortunati"/>
    <property name="user.language" value="en"/>
    <property name="java.specification.vendor" value="Oracle Corporation"/>
    <property name="java.home" value="C:\Program Files\Java\jdk1.8.0_201\jre"/>
    <property name="basedir" value="C:\MavenDemo\maven-demo"/>
    <property name="file.separator" value="\"/>
    <property name="line.separator" value="&#10;"/>
    <property name="java.vm.specification.vendor" value="Oracle Corporation"/>
    <property name="java.specification.name" value="Java Platform API Specification"/>
    <property name="java.awt.graphicsenv" value="sun.awt.Win32GraphicsEnvironment"/>
    <property name="surefire.real.class.path" value="C:\Users\JONATH~1.FOR\AppData\Local\Temp\surefire8026338373759045736\surefirebooter7474344484174605205.jar"/>
    <property name="sun.boot.class.path" value="C:\Program Files\Java\jdk1.8.0_201\jre\lib\resources.jar;C:\Program Files\Java\jdk1.8.0_201\jre\lib\rt.jar;C:\Program Files\Java\jdk1.8.0_201\jre\lib\sunrsasign.jar;C:\Program Files\Java\jdk1.8.0_201\jre\lib\jsse.jar;C:\Program Files\Java\jdk1.8.0_201\jre\lib\jce.jar;C:\Program Files\Java\jdk1.8.0_201\jre\lib\charsets.jar;C:\Program Files\Java\jdk1.8.0_201\jre\lib\jfr.jar;C:\Program Files\Java\jdk1.8.0_201\jre\classes"/>
    <property name="user.script" value=""/>
    <property name="sun.management.compiler" value="HotSpot 64-Bit Tiered Compilers"/>
    <property name="java.runtime.version" value="1.8.0_201-b09"/>
    <property name="user.name" value="Jonathan.Fortunati"/>
    <property name="path.separator" value=";"/>
    <property name="os.version" value="10.0"/>
    <property name="java.endorsed.dirs" value="C:\Program Files\Java\jdk1.8.0_201\jre\lib\endorsed"/>
    <property name="java.runtime.name" value="Java(TM) SE Runtime Environment"/>
    <property name="file.encoding" value="Cp1252"/>
    <property name="java.vm.name" value="Java HotSpot(TM) 64-Bit Server VM"/>
    <property name="localRepository" value="C:\Users\jonathan.fortunati\.m2\repository"/>
    <property name="java.vendor.url.bug" value="http://bugreport.sun.com/bugreport/"/>
    <property name="java.io.tmpdir" value="C:\Users\JONATH~1.FOR\AppData\Local\Temp\"/>
    <property name="java.version" value="1.8.0_201"/>
    <property name="user.dir" value="C:\MavenDemo\maven-demo"/>
    <property name="os.arch" value="amd64"/>
    <property name="java.vm.specification.name" value="Java Virtual Machine Specification"/>
    <property name="java.awt.printerjob" value="sun.awt.windows.WPrinterJob"/>
    <property name="sun.os.patch.level" value=""/>
    <property name="java.library.path" value="C:\Program Files\Java\jdk1.8.0_201\jre\bin;C:\WINDOWS\Sun\Java\bin;C:\WINDOWS\system32;C:\WINDOWS;c:\program files (x86)\smartbear\testcomplete 14\x64\bin;C:\Program Files\Java\jdk1.8.0_201;C:\Program Files (x86)\Common Files\Oracle\Java\javapath;C:\ProgramData\Oracle\Java\javapath;C:\WINDOWS\system32;C:\WINDOWS;C:\WINDOWS\System32\Wbem;C:\WINDOWS\System32\WindowsPowerShell\v1.0\;C:\Program Files (x86)\Shoreline Communications\ShoreWare Client\;C:\Program Files (x86)\Shoreline Communications\ShoreWare Client\win64;C:\WINDOWS\System32\OpenSSH\;C:\Program Files\Collaborator Client;C:\Program Files\PuTTY\;C:\Program Files\Perforce\;C:\Program Files (x86)\Perforce;C:\Program Files\Git\cmd;C:\Program Files\nodejs\;C:\Program Files\Microsoft VS Code\bin;C:\Program Files\dotnet\;C:\Program Files\TortoiseSVN\bin;C:\Users\jonathan.fortunati\AppData\Local\Programs\Python\Python37\Scripts\;C:\Users\jonathan.fortunati\AppData\Local\Programs\Python\Python37\;C:\apache-maven-3.5.4\bin;C:\Program Files (x86)\Plantronics\Spokes3G\;C:\Program Files\ngrok;C:\Program Files\VisualSVN Server\bin;C:\Program Files (x86)\Intel\Intel(R) Management Engine Components\DAL;C:\Program Files\Intel\Intel(R) Management Engine Components\DAL;C:\Program Files\Intel\WiFi\bin\;C:\Program Files\Common Files\Intel\WirelessCommon\;C:\Ruby25-x64\bin;C:\Users\jonathan.fortunati\AppData\Local\Programs\Python\Python37\Scripts\;C:\Users\jonathan.fortunati\AppData\Local\Programs\Python\Python37\;C:\Users\jonathan.fortunati\AppData\Local\Microsoft\WindowsApps;C:\Program Files (x86)\Sophos\Sophos SSL VPN Client\bin;C:\Users\jonathan.fortunati\AppData\Roaming\npm;C:\apache-maven-3.5.4\bin;C:\Program Files\ngrok;C:\Program Files\Java\jdk1.8.0_201;C:\Program Files\Git\cmd;C:\Program Files\Intel\WiFi\bin\;C:\Program Files\Common Files\Intel\WirelessCommon\;."/>
    <property name="java.vm.info" value="mixed mode"/>
    <property name="java.vendor" value="Oracle Corporation"/>
    <property name="java.vm.version" value="25.201-b09"/>
    <property name="java.ext.dirs" value="C:\Program Files\Java\jdk1.8.0_201\jre\lib\ext;C:\WINDOWS\Sun\Java\lib\ext"/>
    <property name="sun.io.unicode.encoding" value="UnicodeLittle"/>
    <property name="java.class.version" value="52.0"/>
  </properties>
  <testcase name="shouldAnswerWithTrue" classname="com.mavendemo.app.AppTest" time="0.002"/>
</testsuite>